# JRE version: OpenJDK Runtime Environment Zulu21.28+85-CA (21.0+35) (build 21+35)
# Java VM: OpenJDK 64-Bit Server VM Zulu21.28+85-CA (21+35, mixed mode, tiered, compressed oops, compressed class ptrs, g1 gc, bsd-aarch64)
GC Precious Log:
 CardTable entry size: 512
 Card Set container configuration: InlinePtr #cards 4 size 8 Array Of Cards #cards 32 size 80 Howl #buckets 8 coarsen threshold 7372 Howl Bitmap #cards 1024 size 144 coarsen threshold 921 Card regions per heap region 1 cards per card region 8192
 CPUs: 10 total, 10 available
 Memory: 32768M
 Large Page Support: Disabled
 NUMA Support: Disabled
 Compressed Oops: Enabled (Zero based)
 Heap Region Size: 4M
 Heap Min Capacity: 8M
 Heap Initial Capacity: 512M
 Heap Max Capacity: 8G
 Pre-touch: Disabled
 Parallel Workers: 9
 Concurrent Workers: 2
 Concurrent Refinement Workers: 9
 Periodic GC: Disabled
Heap:
 garbage-first heap   total 753664K, used 334681K [0x0000000600000000, 0x0000000800000000)
  region size 4096K, 33 young (135168K), 5 survivors (20480K)
 Metaspace       used 80277K, committed 81920K, reserved 1179648K
  class space    used 8693K, committed 9536K, reserved 1048576K
GC Heap History (20 events):
Event: 5526.539 GC heap before
{Heap before GC invocations=35 (full 4):
 garbage-first heap   total 1236992K, used 918976K [0x0000000600000000, 0x0000000800000000)
  region size 4096K, 181 young (741376K), 13 survivors (53248K)
 Metaspace       used 73425K, committed 75072K, reserved 1179648K
  class space    used 8178K, committed 8960K, reserved 1048576K
}
Event: 5526.553 GC heap after
{Heap after GC invocations=36 (full 4):
 garbage-first heap   total 1822720K, used 236746K [0x0000000600000000, 0x0000000800000000)
  region size 4096K, 13 young (53248K), 13 survivors (53248K)
 Metaspace       used 73425K, committed 75072K, reserved 1179648K
  class space    used 8178K, committed 8960K, reserved 1048576K
}
Event: 5526.789 GC heap before
{Heap before GC invocations=36 (full 4):
 garbage-first heap   total 1822720K, used 1273034K [0x0000000600000000, 0x0000000800000000)
  region size 4096K, 267 young (1093632K), 13 survivors (53248K)
 Metaspace       used 73464K, committed 75072K, reserved 1179648K
  class space    used 8180K, committed 8960K, reserved 1048576K
}
Event: 5526.806 GC heap after
{Heap after GC invocations=37 (full 4):
 garbage-first heap   total 1822720K, used 264367K [0x0000000600000000, 0x0000000800000000)
  region size 4096K, 19 young (77824K), 19 survivors (77824K)
 Metaspace       used 73464K, committed 75072K, reserved 1179648K
  class space    used 8180K, committed 8960K, reserved 1048576K
}
Event: 5527.062 GC heap before
{Heap before GC invocations=37 (full 4):
 garbage-first heap   total 1822720K, used 1280175K [0x0000000600000000, 0x0000000800000000)
  region size 4096K, 267 young (1093632K), 19 survivors (77824K)
 Metaspace       used 73562K, committed 75200K, reserved 1179648K
  class space    used 8188K, committed 9024K, reserved 1048576K
}
Event: 5527.084 GC heap after
{Heap after GC invocations=38 (full 4):
 garbage-first heap   total 1822720K, used 284647K [0x0000000600000000, 0x0000000800000000)
  region size 4096K, 22 young (90112K), 22 survivors (90112K)
 Metaspace       used 73562K, committed 75200K, reserved 1179648K
  class space    used 8188K, committed 9024K, reserved 1048576K
}
Event: 5527.436 GC heap before
{Heap before GC invocations=38 (full 4):
 garbage-first heap   total 1822720K, used 1284071K [0x0000000600000000, 0x0000000800000000)
  region size 4096K, 267 young (1093632K), 22 survivors (90112K)
 Metaspace       used 73735K, committed 75456K, reserved 1179648K
  class space    used 8210K, committed 9024K, reserved 1048576K
}
Event: 5527.458 GC heap after
{Heap after GC invocations=39 (full 4):
 garbage-first heap   total 1822720K, used 282252K [0x0000000600000000, 0x0000000800000000)
  region size 4096K, 18 young (73728K), 18 survivors (73728K)
 Metaspace       used 73735K, committed 75456K, reserved 1179648K
  class space    used 8210K, committed 9024K, reserved 1048576K
}
Event: 5562.811 GC heap before
{Heap before GC invocations=39 (full 4):
 garbage-first heap   total 1822720K, used 1093260K [0x0000000600000000, 0x0000000800000000)
  region size 4096K, 218 young (892928K), 18 survivors (73728K)
 Metaspace       used 78381K, committed 80064K, reserved 1179648K
  class space    used 8617K, committed 9472K, reserved 1048576K
}
Event: 5562.848 GC heap after
{Heap after GC invocations=40 (full 4):
 garbage-first heap   total 2387968K, used 301000K [0x0000000600000000, 0x0000000800000000)
  region size 4096K, 22 young (90112K), 22 survivors (90112K)
 Metaspace       used 78381K, committed 80064K, reserved 1179648K
  class space    used 8617K, committed 9472K, reserved 1048576K
}
Event: 5571.147 GC heap before
{Heap before GC invocations=41 (full 4):
 garbage-first heap   total 1105920K, used 870344K [0x0000000600000000, 0x0000000800000000)
  region size 4096K, 162 young (663552K), 22 survivors (90112K)
 Metaspace       used 79300K, committed 81024K, reserved 1179648K
  class space    used 8618K, committed 9472K, reserved 1048576K
}
Event: 5571.169 GC heap after
{Heap after GC invocations=42 (full 4):
 garbage-first heap   total 1105920K, used 283409K [0x0000000600000000, 0x0000000800000000)
  region size 4096K, 5 young (20480K), 5 survivors (20480K)
 Metaspace       used 79300K, committed 81024K, reserved 1179648K
  class space    used 8618K, committed 9472K, reserved 1048576K
}
Event: 5575.033 GC heap before
{Heap before GC invocations=42 (full 4):
 garbage-first heap   total 1105920K, used 922385K [0x0000000600000000, 0x0000000800000000)
  region size 4096K, 162 young (663552K), 5 survivors (20480K)
 Metaspace       used 79635K, committed 81344K, reserved 1179648K
  class space    used 8661K, committed 9472K, reserved 1048576K
}
Event: 5575.048 GC heap after
{Heap after GC invocations=43 (full 4):
 garbage-first heap   total 1105920K, used 269234K [0x0000000600000000, 0x0000000800000000)
  region size 4096K, 6 young (24576K), 6 survivors (24576K)
 Metaspace       used 79635K, committed 81344K, reserved 1179648K
  class space    used 8661K, committed 9472K, reserved 1048576K
}
Event: 5578.601 GC heap before
{Heap before GC invocations=43 (full 4):
 garbage-first heap   total 1105920K, used 904114K [0x0000000600000000, 0x0000000800000000)
  region size 4096K, 162 young (663552K), 6 survivors (24576K)
 Metaspace       used 79645K, committed 81344K, reserved 1179648K
  class space    used 8661K, committed 9472K, reserved 1048576K
}
Event: 5578.615 GC heap after
{Heap after GC invocations=44 (full 4):
 garbage-first heap   total 1105920K, used 268897K [0x0000000600000000, 0x0000000800000000)
  region size 4096K, 6 young (24576K), 6 survivors (24576K)
 Metaspace       used 79645K, committed 81344K, reserved 1179648K
  class space    used 8661K, committed 9472K, reserved 1048576K
}
Event: 5593.324 GC heap before
{Heap before GC invocations=44 (full 4):
 garbage-first heap   total 1105920K, used 735841K [0x0000000600000000, 0x0000000800000000)
  region size 4096K, 122 young (499712K), 6 survivors (24576K)
 Metaspace       used 80046K, committed 81728K, reserved 1179648K
  class space    used 8694K, committed 9536K, reserved 1048576K
}
Event: 5593.459 GC heap after
{Heap after GC invocations=45 (full 5):
 garbage-first heap   total 753664K, used 206345K [0x0000000600000000, 0x0000000800000000)
  region size 4096K, 0 young (0K), 0 survivors (0K)
 Metaspace       used 80027K, committed 81728K, reserved 1179648K
  class space    used 8689K, committed 9536K, reserved 1048576K
}
Event: 5800.600 GC heap before
{Heap before GC invocations=45 (full 5):
 garbage-first heap   total 753664K, used 652809K [0x0000000600000000, 0x0000000800000000)
  region size 4096K, 110 young (450560K), 0 survivors (0K)
 Metaspace       used 80276K, committed 81920K, reserved 1179648K
  class space    used 8693K, committed 9536K, reserved 1048576K
}
Event: 5800.610 GC heap after
{Heap after GC invocations=46 (full 5):
 garbage-first heap   total 753664K, used 224089K [0x0000000600000000, 0x0000000800000000)
  region size 4096K, 5 young (20480K), 5 survivors (20480K)
 Metaspace       used 80276K, committed 81920K, reserved 1179648K
  class space    used 8693K, committed 9536K, reserved 1048576K
}

